{"level":30,"time":1759904418289,"pid":5992,"hostname":"Leonardo","msg":"Server listen on port: 5432 in development mode"}
{"level":30,"time":1759904418289,"pid":5992,"hostname":"Leonardo","msg":"http://localhost:5432"}
{"level":50,"time":1759904418323,"pid":5992,"hostname":"Leonardo","msg":"Error connecting Prisma to the database","error":"Can't reach database server at `localhost:5432`\n\nPlease make sure your database server is running at `localhost:5432`.","stack":"PrismaClientInitializationError: Can't reach database server at `localhost:5432`\n\nPlease make sure your database server is running at `localhost:5432`.\n    at r (C:\\Users\\laec1\\OneDrive\\Escritorio\\JAVASCRIPT\\TS-WORKSHOP02-main.updated\\TS-WORKSHOP02-main\\prisma\\generated\\prisma\\runtime\\library.js:115:2770)\n    at async ServerBootstrap.dbConnection (C:\\Users\\laec1\\OneDrive\\Escritorio\\JAVASCRIPT\\TS-WORKSHOP02-main.updated\\TS-WORKSHOP02-main\\src\\config\\ServerBootstrap.ts:48:13)\n    at async Server.<anonymous> (C:\\Users\\laec1\\OneDrive\\Escritorio\\JAVASCRIPT\\TS-WORKSHOP02-main.updated\\TS-WORKSHOP02-main\\src\\config\\ServerBootstrap.ts:42:13)"}
{"level":30,"time":1759904433581,"pid":6200,"hostname":"Leonardo","msg":"Server listen on port: 5432 in development mode"}
{"level":30,"time":1759904433582,"pid":6200,"hostname":"Leonardo","msg":"http://localhost:5432"}
{"level":50,"time":1759904433600,"pid":6200,"hostname":"Leonardo","msg":"Error connecting Prisma to the database","error":"Can't reach database server at `localhost:5432`\n\nPlease make sure your database server is running at `localhost:5432`.","stack":"PrismaClientInitializationError: Can't reach database server at `localhost:5432`\n\nPlease make sure your database server is running at `localhost:5432`.\n    at r (C:\\Users\\laec1\\OneDrive\\Escritorio\\JAVASCRIPT\\TS-WORKSHOP02-main.updated\\TS-WORKSHOP02-main\\prisma\\generated\\prisma\\runtime\\library.js:115:2770)\n    at async ServerBootstrap.dbConnection (C:\\Users\\laec1\\OneDrive\\Escritorio\\JAVASCRIPT\\TS-WORKSHOP02-main.updated\\TS-WORKSHOP02-main\\src\\config\\ServerBootstrap.ts:48:13)\n    at async Server.<anonymous> (C:\\Users\\laec1\\OneDrive\\Escritorio\\JAVASCRIPT\\TS-WORKSHOP02-main.updated\\TS-WORKSHOP02-main\\src\\config\\ServerBootstrap.ts:42:13)"}
{"level":30,"time":1759905642038,"pid":18348,"hostname":"Leonardo","msg":"Server listen on port: 5432 in development mode"}
{"level":30,"time":1759905642038,"pid":18348,"hostname":"Leonardo","msg":"http://localhost:5432"}
{"level":50,"time":1759905642071,"pid":18348,"hostname":"Leonardo","msg":"Error connecting Prisma to the database","error":"Can't reach database server at `localhost:5432`\n\nPlease make sure your database server is running at `localhost:5432`.","stack":"PrismaClientInitializationError: Can't reach database server at `localhost:5432`\n\nPlease make sure your database server is running at `localhost:5432`.\n    at r (C:\\Users\\laec1\\OneDrive\\Escritorio\\JAVASCRIPT\\TS-WORKSHOP02-main.updated\\TS-WORKSHOP02-main\\prisma\\generated\\prisma\\runtime\\library.js:115:2770)\n    at async ServerBootstrap.dbConnection (C:\\Users\\laec1\\OneDrive\\Escritorio\\JAVASCRIPT\\TS-WORKSHOP02-main.updated\\TS-WORKSHOP02-main\\src\\config\\ServerBootstrap.ts:48:13)\n    at async Server.<anonymous> (C:\\Users\\laec1\\OneDrive\\Escritorio\\JAVASCRIPT\\TS-WORKSHOP02-main.updated\\TS-WORKSHOP02-main\\src\\config\\ServerBootstrap.ts:42:13)"}
{"level":30,"time":1759905849182,"pid":3316,"hostname":"Leonardo","msg":"Server listen on port: 3000 in development mode"}
{"level":30,"time":1759905849183,"pid":3316,"hostname":"Leonardo","msg":"http://localhost:3000"}
{"level":30,"time":1759905849219,"pid":3316,"hostname":"Leonardo","msg":"Prisma connected to the database"}
{"level":30,"time":1759908899393,"pid":37496,"hostname":"Leonardo","msg":"Server listen on port: 3000 in development mode"}
{"level":30,"time":1759908899394,"pid":37496,"hostname":"Leonardo","msg":"http://localhost:3000"}
{"level":30,"time":1759908899442,"pid":37496,"hostname":"Leonardo","msg":"Prisma connected to the database"}
{"level":30,"time":1759908905028,"pid":37496,"hostname":"Leonardo","msg":"Prisma disconnected on SIGINT"}
{"level":30,"time":1759908913143,"pid":23004,"hostname":"Leonardo","msg":"Server listen on port: 3000 in development mode"}
{"level":30,"time":1759908913144,"pid":23004,"hostname":"Leonardo","msg":"http://localhost:3000"}
{"level":30,"time":1759908913166,"pid":23004,"hostname":"Leonardo","msg":"Prisma connected to the database"}
{"level":30,"time":1759908923820,"pid":23004,"hostname":"Leonardo","msg":"Prisma disconnected on SIGINT"}
